{"level":"info","message":"Hello from Acquisitions!","service":"acquisitions-api"}
{"level":"info","message":"::1 - - [19/Mar/2026:21:56:23 +0000] \"GET / HTTP/1.1\" 200 24 \"-\" \"Mozilla/5.0 (Windows NT 10.0; Win64; x64) AppleWebKit/537.36 (KHTML, like Gecko) Chrome/146.0.0.0 Safari/537.36\"","service":"acquisitions-api"}
{"level":"info","message":"::1 - - [19/Mar/2026:21:56:23 +0000] \"GET /favicon.ico HTTP/1.1\" 404 150 \"-\" \"Mozilla/5.0 (Windows NT 10.0; Win64; x64) AppleWebKit/537.36 (KHTML, like Gecko) Chrome/146.0.0.0 Safari/537.36\"","service":"acquisitions-api"}
{"level":"info","message":"Hello from Acquisitions!","service":"acquisitions-api"}
{"level":"info","message":"::1 - - [19/Mar/2026:23:33:45 +0000] \"GET / HTTP/1.1\" 200 24 \"-\" \"Mozilla/5.0 (Windows NT 10.0; Win64; x64) AppleWebKit/537.36 (KHTML, like Gecko) Chrome/146.0.0.0 Safari/537.36\"","service":"acquisitions-api"}
{"level":"info","message":"::1 - - [19/Mar/2026:23:33:46 +0000] \"GET /favicon.ico HTTP/1.1\" 404 150 \"-\" \"Mozilla/5.0 (Windows NT 10.0; Win64; x64) AppleWebKit/537.36 (KHTML, like Gecko) Chrome/146.0.0.0 Safari/537.36\"","service":"acquisitions-api"}
{"level":"info","message":"Hello from Acquisitions!","service":"acquisitions-api"}
{"level":"info","message":"::1 - - [19/Mar/2026:23:36:34 +0000] \"GET / HTTP/1.1\" 200 24 \"-\" \"PostmanRuntime/7.51.1\"","service":"acquisitions-api"}
{"level":"info","message":"::1 - - [19/Mar/2026:23:37:33 +0000] \"GET /api HTTP/1.1\" 200 46 \"-\" \"PostmanRuntime/7.51.1\"","service":"acquisitions-api"}
{"level":"info","message":"::1 - - [19/Mar/2026:23:38:09 +0000] \"GET /health HTTP/1.1\" 200 75 \"-\" \"PostmanRuntime/7.51.1\"","service":"acquisitions-api"}
{"level":"info","message":"::1 - - [19/Mar/2026:23:38:53 +0000] \"GET /api/auth/sign-in HTTP/1.1\" 404 155 \"-\" \"PostmanRuntime/7.51.1\"","service":"acquisitions-api"}
{"level":"info","message":"::1 - - [19/Mar/2026:23:39:05 +0000] \"POST /api/auth/sign-in HTTP/1.1\" 200 31 \"-\" \"PostmanRuntime/7.51.1\"","service":"acquisitions-api"}
{"level":"info","message":"::1 - - [20/Mar/2026:18:19:25 +0000] \"POST /api/auth/sign-up HTTP/1.1\" 200 31 \"-\" \"PostmanRuntime/7.51.1\"","service":"acquisitions-api"}
{"level":"info","message":"::1 - - [20/Mar/2026:18:31:39 +0000] \"POST /api/auth/sign-up HTTP/1.1\" 400 95 \"-\" \"PostmanRuntime/7.51.1\"","service":"acquisitions-api"}
{"level":"info","message":"::1 - - [20/Mar/2026:18:35:55 +0000] \"POST /api/auth/sign-up HTTP/1.1\" 400 95 \"-\" \"PostmanRuntime/7.51.1\"","service":"acquisitions-api"}
{"level":"info","message":"::1 - - [20/Mar/2026:18:36:56 +0000] \"POST /api/auth/sign-up HTTP/1.1\" 400 95 \"-\" \"PostmanRuntime/7.51.1\"","service":"acquisitions-api"}
{"level":"info","message":"::1 - - [20/Mar/2026:18:40:29 +0000] \"POST /api/auth/sign-up HTTP/1.1\" 400 95 \"-\" \"PostmanRuntime/7.51.1\"","service":"acquisitions-api"}
{"level":"info","message":"User simangolwa@example.com created successfully","service":"acquisitions-api"}
{"level":"info","message":"User registered successfully: simangolwa@example.com","service":"acquisitions-api"}
{"level":"info","message":"::1 - - [20/Mar/2026:19:39:52 +0000] \"POST /api/auth/sign-up HTTP/1.1\" 201 126 \"-\" \"PostmanRuntime/7.51.1\"","service":"acquisitions-api"}
{"level":"info","message":"User johndoe@example.com created successfully","service":"acquisitions-api"}
{"level":"info","message":"User registered successfully: johndoe@example.com","service":"acquisitions-api"}
{"level":"info","message":"::1 - - [20/Mar/2026:19:40:56 +0000] \"POST /api/auth/sign-up HTTP/1.1\" 201 119 \"-\" \"PostmanRuntime/7.51.1\"","service":"acquisitions-api"}
{"level":"error","message":"Sign in error signInSchema is not defined","service":"acquisitions-api","stack":"ReferenceError: signInSchema is not defined\n    at signIn (file:///C:/Users/siman/OneDrive/Desktop/PersonalProjects/DevOps/acquisitions/src/controllers/auth.controller.js:48:30)\n    at Layer.handleRequest (C:\\Users\\siman\\OneDrive\\Desktop\\PersonalProjects\\DevOps\\acquisitions\\node_modules\\router\\lib\\layer.js:152:17)\n    at next (C:\\Users\\siman\\OneDrive\\Desktop\\PersonalProjects\\DevOps\\acquisitions\\node_modules\\router\\lib\\route.js:157:13)\n    at Route.dispatch (C:\\Users\\siman\\OneDrive\\Desktop\\PersonalProjects\\DevOps\\acquisitions\\node_modules\\router\\lib\\route.js:117:3)\n    at handle (C:\\Users\\siman\\OneDrive\\Desktop\\PersonalProjects\\DevOps\\acquisitions\\node_modules\\router\\index.js:435:11)\n    at Layer.handleRequest (C:\\Users\\siman\\OneDrive\\Desktop\\PersonalProjects\\DevOps\\acquisitions\\node_modules\\router\\lib\\layer.js:152:17)\n    at C:\\Users\\siman\\OneDrive\\Desktop\\PersonalProjects\\DevOps\\acquisitions\\node_modules\\router\\index.js:295:15\n    at processParams (C:\\Users\\siman\\OneDrive\\Desktop\\PersonalProjects\\DevOps\\acquisitions\\node_modules\\router\\index.js:582:12)\n    at next (C:\\Users\\siman\\OneDrive\\Desktop\\PersonalProjects\\DevOps\\acquisitions\\node_modules\\router\\index.js:291:5)\n    at Function.handle (C:\\Users\\siman\\OneDrive\\Desktop\\PersonalProjects\\DevOps\\acquisitions\\node_modules\\router\\index.js:186:3)"}
{"level":"info","message":"::1 - - [20/Mar/2026:20:41:07 +0000] \"POST /api/auth/sign-in HTTP/1.1\" 500 1573 \"-\" \"PostmanRuntime/7.51.1\"","service":"acquisitions-api"}
{"level":"error","message":"Sign in error authenticateUser is not defined","service":"acquisitions-api","stack":"ReferenceError: authenticateUser is not defined\n    at signIn (file:///C:/Users/siman/OneDrive/Desktop/PersonalProjects/DevOps/acquisitions/src/controllers/auth.controller.js:59:18)\n    at Layer.handleRequest (C:\\Users\\siman\\OneDrive\\Desktop\\PersonalProjects\\DevOps\\acquisitions\\node_modules\\router\\lib\\layer.js:152:17)\n    at next (C:\\Users\\siman\\OneDrive\\Desktop\\PersonalProjects\\DevOps\\acquisitions\\node_modules\\router\\lib\\route.js:157:13)\n    at Route.dispatch (C:\\Users\\siman\\OneDrive\\Desktop\\PersonalProjects\\DevOps\\acquisitions\\node_modules\\router\\lib\\route.js:117:3)\n    at handle (C:\\Users\\siman\\OneDrive\\Desktop\\PersonalProjects\\DevOps\\acquisitions\\node_modules\\router\\index.js:435:11)\n    at Layer.handleRequest (C:\\Users\\siman\\OneDrive\\Desktop\\PersonalProjects\\DevOps\\acquisitions\\node_modules\\router\\lib\\layer.js:152:17)\n    at C:\\Users\\siman\\OneDrive\\Desktop\\PersonalProjects\\DevOps\\acquisitions\\node_modules\\router\\index.js:295:15\n    at processParams (C:\\Users\\siman\\OneDrive\\Desktop\\PersonalProjects\\DevOps\\acquisitions\\node_modules\\router\\index.js:582:12)\n    at next (C:\\Users\\siman\\OneDrive\\Desktop\\PersonalProjects\\DevOps\\acquisitions\\node_modules\\router\\index.js:291:5)\n    at Function.handle (C:\\Users\\siman\\OneDrive\\Desktop\\PersonalProjects\\DevOps\\acquisitions\\node_modules\\router\\index.js:186:3)"}
{"level":"info","message":"::1 - - [20/Mar/2026:20:43:39 +0000] \"POST /api/auth/sign-in HTTP/1.1\" 500 1577 \"-\" \"PostmanRuntime/7.51.1\"","service":"acquisitions-api"}
{"level":"error","message":"Error authenticating user: ReferenceError: comparePassword is not defined","service":"acquisitions-api"}
{"level":"error","message":"Sign in error comparePassword is not defined","service":"acquisitions-api","stack":"ReferenceError: comparePassword is not defined\n    at authenticateUser (file:///C:/Users/siman/OneDrive/Desktop/PersonalProjects/DevOps/acquisitions/src/services/auth.service.js:59:29)\n    at process.processTicksAndRejections (node:internal/process/task_queues:95:5)\n    at async signIn (file:///C:/Users/siman/OneDrive/Desktop/PersonalProjects/DevOps/acquisitions/src/controllers/auth.controller.js:59:18)"}
{"level":"info","message":"::1 - - [20/Mar/2026:20:46:17 +0000] \"POST /api/auth/sign-in HTTP/1.1\" 500 572 \"-\" \"PostmanRuntime/7.51.1\"","service":"acquisitions-api"}
